h:\pro\quickfix-secure\obj\debug32\ambtcc\vc140.pdb
h:\pro\quickfix-secure\obj\debug32\ambtcc\vc140.idb
h:\pro\quickfix-secure\obj\debug32\ambtcc\application.obj
h:\pro\quickfix-secure\obj\debug32\ambtcc\tradeclient.obj
h:\pro\quickfix-secure\obj\debug32\ambtcc\webserver.obj
h:\pro\quickfix-secure\bin\debug32\ambtcc.ilk
h:\pro\quickfix-secure\bin\debug32\ambtcc.exe
h:\pro\quickfix-secure\bin\debug32\ambtcc.pdb
h:\pro\quickfix-secure\obj\debug32\ambtcc\ambtcc.vcxprojresolveassemblyreference.cache
h:\pro\quickfix-secure\obj\debug32\ambtcc\application.obj.enc
h:\pro\quickfix-secure\obj\debug32\ambtcc\tradeclient.obj.enc
h:\pro\quickfix-secure\obj\debug32\ambtcc\webserver.obj.enc
h:\pro\quickfix-secure\obj\debug32\ambtcc\msxml3.tlh
h:\pro\quickfix-secure\obj\debug32\ambtcc\ambtcc.tlog\cl.command.1.tlog
h:\pro\quickfix-secure\obj\debug32\ambtcc\ambtcc.tlog\cl.read.1.tlog
h:\pro\quickfix-secure\obj\debug32\ambtcc\ambtcc.tlog\cl.write.1.tlog
h:\pro\quickfix-secure\obj\debug32\ambtcc\ambtcc.tlog\link.command.1.tlog
h:\pro\quickfix-secure\obj\debug32\ambtcc\ambtcc.tlog\link.delete.1.tlog
h:\pro\quickfix-secure\obj\debug32\ambtcc\ambtcc.tlog\link.read.1.tlog
h:\pro\quickfix-secure\obj\debug32\ambtcc\ambtcc.tlog\link.write.1.tlog
