h:\pro\quickfix-secure\obj\debug32\quickfix\quickfix.pdb
h:\pro\quickfix-secure\obj\debug32\quickfix\mysqlstore.obj
h:\pro\quickfix-secure\obj\debug32\quickfix\mysqllog.obj
h:\pro\quickfix-secure\obj\debug32\quickfix\messagestore.obj
h:\pro\quickfix-secure\obj\debug32\quickfix\messagesorters.obj
h:\pro\quickfix-secure\obj\debug32\quickfix\message.obj
h:\pro\quickfix-secure\obj\debug32\quickfix\log.obj
h:\pro\quickfix-secure\obj\debug32\quickfix\initiator.obj
h:\pro\quickfix-secure\obj\debug32\quickfix\httpserver.obj
h:\pro\quickfix-secure\obj\debug32\quickfix\httpparser.obj
h:\pro\quickfix-secure\obj\debug32\quickfix\httpmessage.obj
h:\pro\quickfix-secure\obj\debug32\quickfix\httpconnection.obj
h:\pro\quickfix-secure\obj\debug32\quickfix\group.obj
h:\pro\quickfix-secure\obj\debug32\quickfix\filestore.obj
h:\pro\quickfix-secure\obj\debug32\quickfix\filelog.obj
h:\pro\quickfix-secure\obj\debug32\quickfix\fieldtypes.obj
h:\pro\quickfix-secure\obj\debug32\quickfix\fieldmap.obj
h:\pro\quickfix-secure\obj\debug32\quickfix\dictionary.obj
h:\pro\quickfix-secure\obj\debug32\quickfix\datadictionaryprovider.obj
h:\pro\quickfix-secure\obj\debug32\quickfix\datadictionary.obj
h:\pro\quickfix-secure\obj\debug32\quickfix\acceptor.obj
h:\pro\quickfix-secure\obj\debug32\quickfix\threadedsocketconnection.obj
h:\pro\quickfix-secure\obj\debug32\quickfix\threadedsocketacceptor.obj
h:\pro\quickfix-secure\obj\debug32\quickfix\socketserver.obj
h:\pro\quickfix-secure\obj\debug32\quickfix\socketmonitor.obj
h:\pro\quickfix-secure\obj\debug32\quickfix\socketinitiator.obj
h:\pro\quickfix-secure\obj\debug32\quickfix\socketconnector.obj
h:\pro\quickfix-secure\obj\debug32\quickfix\socketconnection.obj
h:\pro\quickfix-secure\obj\debug32\quickfix\socketacceptor.obj
h:\pro\quickfix-secure\obj\debug32\quickfix\settings.obj
h:\pro\quickfix-secure\obj\debug32\quickfix\sessionsettings.obj
h:\pro\quickfix-secure\obj\debug32\quickfix\sessionfactory.obj
h:\pro\quickfix-secure\obj\debug32\quickfix\session.obj
h:\pro\quickfix-secure\obj\debug32\quickfix\pugixml_domdocument.obj
h:\pro\quickfix-secure\obj\debug32\quickfix\pugixml.obj
h:\pro\quickfix-secure\obj\debug32\quickfix\postgresqlstore.obj
h:\pro\quickfix-secure\obj\debug32\quickfix\postgresqllog.obj
h:\pro\quickfix-secure\obj\debug32\quickfix\parser.obj
h:\pro\quickfix-secure\obj\debug32\quickfix\odbcstore.obj
h:\pro\quickfix-secure\obj\debug32\quickfix\odbclog.obj
h:\pro\quickfix-secure\obj\debug32\quickfix\nullstore.obj
h:\pro\quickfix-secure\obj\debug32\quickfix\utilityssl.obj
h:\pro\quickfix-secure\obj\debug32\quickfix\utility.obj
h:\pro\quickfix-secure\obj\debug32\quickfix\timerange.obj
h:\pro\quickfix-secure\obj\debug32\quickfix\threadedsslsocketinitiator.obj
h:\pro\quickfix-secure\obj\debug32\quickfix\threadedsslsocketconnection.obj
h:\pro\quickfix-secure\obj\debug32\quickfix\threadedsslsocketacceptor.obj
h:\pro\quickfix-secure\obj\debug32\quickfix\threadedsocketinitiator.obj
h:\pro\quickfix-secure\obj\debug32\quickfix\strptime.obj
h:\pro\quickfix-secure\lib\debug32\quickfix.lib
h:\pro\quickfix-secure\obj\debug32\quickfix\msxml3.tlh
h:\pro\quickfix-secure\lib\debug32\quickfix.pdb
h:\pro\quickfix-secure\obj\debug32\quickfix\quickfix.tlog\cl.command.1.tlog
h:\pro\quickfix-secure\obj\debug32\quickfix\quickfix.tlog\cl.read.1.tlog
h:\pro\quickfix-secure\obj\debug32\quickfix\quickfix.tlog\cl.write.1.tlog
h:\pro\quickfix-secure\obj\debug32\quickfix\quickfix.tlog\lib-link.read.1.tlog
h:\pro\quickfix-secure\obj\debug32\quickfix\quickfix.tlog\lib-link.write.1.tlog
h:\pro\quickfix-secure\obj\debug32\quickfix\quickfix.tlog\lib.command.1.tlog
